0 info it worked if it ends with ok
1 verbose cli [ '/home/webwerks/.nvm/versions/node/v5.0.0/bin/node',
1 verbose cli   '/home/webwerks/.nvm/versions/node/v5.0.0/bin/npm',
1 verbose cli   'install',
1 verbose cli   'koa-body-parser@2',
1 verbose cli   '--save' ]
2 info using npm@3.3.6
3 info using node@v5.0.0
4 silly loadCurrentTree Starting
5 silly install loadCurrentTree
6 silly install readLocalPackageData
7 silly fetchPackageMetaData koa-body-parser@2
8 silly fetchNamedPackageData koa-body-parser
9 silly mapToRegistry name koa-body-parser
10 silly mapToRegistry using default registry
11 silly mapToRegistry registry https://registry.npmjs.org/
12 silly mapToRegistry uri https://registry.npmjs.org/koa-body-parser
13 verbose request uri https://registry.npmjs.org/koa-body-parser
14 verbose request no auth needed
15 info attempt registry request try #1 at 3:20:52 PM
16 verbose request id a0e20641993752e8
17 verbose etag W/"554f8c75-2bbb"
18 verbose lastModified Sun, 10 May 2015 16:51:01 GMT
19 http request GET https://registry.npmjs.org/koa-body-parser
20 http 304 https://registry.npmjs.org/koa-body-parser
21 verbose headers { date: 'Fri, 19 May 2017 09:50:53 GMT',
21 verbose headers   via: '1.1 varnish',
21 verbose headers   'cache-control': 'max-age=300',
21 verbose headers   etag: 'W/"554f8c75-2bbb"',
21 verbose headers   age: '0',
21 verbose headers   connection: 'keep-alive',
21 verbose headers   'x-served-by': 'cache-sin18028-SIN',
21 verbose headers   'x-cache': 'MISS',
21 verbose headers   'x-cache-hits': '0',
21 verbose headers   'x-timer': 'S1495187453.248485,VS0,VE101',
21 verbose headers   vary: 'Accept-Encoding' }
22 silly get cb [ 304,
22 silly get   { date: 'Fri, 19 May 2017 09:50:53 GMT',
22 silly get     via: '1.1 varnish',
22 silly get     'cache-control': 'max-age=300',
22 silly get     etag: 'W/"554f8c75-2bbb"',
22 silly get     age: '0',
22 silly get     connection: 'keep-alive',
22 silly get     'x-served-by': 'cache-sin18028-SIN',
22 silly get     'x-cache': 'MISS',
22 silly get     'x-cache-hits': '0',
22 silly get     'x-timer': 'S1495187453.248485,VS0,VE101',
22 silly get     vary: 'Accept-Encoding' } ]
23 verbose etag https://registry.npmjs.org/koa-body-parser from cache
24 verbose get saving koa-body-parser to /home/webwerks/.npm/registry.npmjs.org/koa-body-parser/.cache.json
25 silly fetchPackageMetaData Error: No compatible version found: koa-body-parser@2
25 silly fetchPackageMetaData Valid install targets:
25 silly fetchPackageMetaData ["1.1.2","1.1.1","1.1.0","1.0.0","0.2.1","0.2.0","0.1.1","0.1.0","0.0.1"]
25 silly fetchPackageMetaData
25 silly fetchPackageMetaData     at pickVersionFromRegistryDocument (/home/webwerks/.nvm/versions/node/v5.0.0/lib/node_modules/npm/lib/fetch-package-metadata.js:146:16)
25 silly fetchPackageMetaData     at /home/webwerks/.nvm/versions/node/v5.0.0/lib/node_modules/npm/node_modules/iferr/index.js:13:50
25 silly fetchPackageMetaData     at /home/webwerks/.nvm/versions/node/v5.0.0/lib/node_modules/npm/lib/utils/pulse-till-done.js:19:8
25 silly fetchPackageMetaData     at saved (/home/webwerks/.nvm/versions/node/v5.0.0/lib/node_modules/npm/lib/cache/caching-client.js:168:7)
25 silly fetchPackageMetaData     at /home/webwerks/.nvm/versions/node/v5.0.0/lib/node_modules/npm/node_modules/graceful-fs/polyfills.js:210:7
25 silly fetchPackageMetaData     at FSReqWrap.oncomplete (fs.js:82:15)
25 silly fetchPackageMetaData  error for koa-body-parser@2 [Error: No compatible version found: koa-body-parser@2
25 silly fetchPackageMetaData Valid install targets:
25 silly fetchPackageMetaData ["1.1.2","1.1.1","1.1.0","1.0.0","0.2.1","0.2.0","0.1.1","0.1.0","0.0.1"]
25 silly fetchPackageMetaData ]
26 silly rollbackFailedOptional Starting
27 silly rollbackFailedOptional Finishing
28 silly runTopLevelLifecycles Starting
29 silly runTopLevelLifecycles Finishing
30 silly install printInstalled
31 verbose stack Error: No compatible version found: koa-body-parser@2
31 verbose stack Valid install targets:
31 verbose stack ["1.1.2","1.1.1","1.1.0","1.0.0","0.2.1","0.2.0","0.1.1","0.1.0","0.0.1"]
31 verbose stack
31 verbose stack     at pickVersionFromRegistryDocument (/home/webwerks/.nvm/versions/node/v5.0.0/lib/node_modules/npm/lib/fetch-package-metadata.js:146:16)
31 verbose stack     at /home/webwerks/.nvm/versions/node/v5.0.0/lib/node_modules/npm/node_modules/iferr/index.js:13:50
31 verbose stack     at /home/webwerks/.nvm/versions/node/v5.0.0/lib/node_modules/npm/lib/utils/pulse-till-done.js:19:8
31 verbose stack     at saved (/home/webwerks/.nvm/versions/node/v5.0.0/lib/node_modules/npm/lib/cache/caching-client.js:168:7)
31 verbose stack     at /home/webwerks/.nvm/versions/node/v5.0.0/lib/node_modules/npm/node_modules/graceful-fs/polyfills.js:210:7
31 verbose stack     at FSReqWrap.oncomplete (fs.js:82:15)
32 verbose cwd /home/webwerks/Documents/SendTemplate
33 error Linux 3.19.0-25-generic
34 error argv "/home/webwerks/.nvm/versions/node/v5.0.0/bin/node" "/home/webwerks/.nvm/versions/node/v5.0.0/bin/npm" "install" "koa-body-parser@2" "--save"
35 error node v5.0.0
36 error npm  v3.3.6
37 error No compatible version found: koa-body-parser@2
37 error Valid install targets:
37 error ["1.1.2","1.1.1","1.1.0","1.0.0","0.2.1","0.2.0","0.1.1","0.1.0","0.0.1"]
38 error If you need help, you may report this error at:
38 error     <https://github.com/npm/npm/issues>
39 verbose exit [ 1, true ]
